<?xml version="1.0" encoding="UTF-8"?>
<testsuites name="Add New Item Grocery" time="394.791" tests="4" failures="0" errors="0">
   <testsuite name="Add New Item Grocery" tests="4" failures="0" errors="0" time="394.791" skipped="0" timestamp="12-05-2024T15:40:18" hostname="AC_001 LENOVO.iD - DESKTOP-9VVTH96" id="Test Suites/Add New Item Grocery">
      <properties>
[...]
</properties>
      <testcase name="Test Cases/Successfully add new item with valid inputs" time="77.161" classname="Test Cases/Successfully add new item with valid inputs" status="PASSED">
         <system-out><![CDATA[12-05-2024T15:42:11 - [TEST_CASE][PASSED] - Test Cases/Successfully add new item with valid inputs: Test Cases/Successfully add new item with valid inputs

12-05-2024T15:42:11 - [TEST_STEP][PASSED] - startApplication("C:\Users\AC_001 LENOVO.iD\Documents\test\mobile-app\app.apk", true): Started app at: 'C:\Users\AC_001 LENOVO.iD\Documents\test\mobile-app\app.apk'

12-05-2024T15:42:28 - [MESSAGE][INFO] - Appium server started on port 50,195

12-05-2024T15:43:14 - [MESSAGE][PASSED] - Started app at: 'C:\Users\AC_001 LENOVO.iD\Documents\test\mobile-app\app.apk'

12-05-2024T15:43:14 - [TEST_STEP][PASSED] - tap(findTestObject("Object Repository/Successfully add new item with valid inputs/android.view.View"), 0): Tapped on element 'Object Repository/Successfully add new item with valid inputs/android.view.View'

12-05-2024T15:43:14 - [MESSAGE][WARNING] - Timeout '0' is invalid. Using default page load timeout: '30'

12-05-2024T15:43:15 - [MESSAGE][PASSED] - Tapped on element 'Object Repository/Successfully add new item with valid inputs/android.view.View'

12-05-2024T15:43:15 - [TEST_STEP][PASSED] - tap(findTestObject("Object Repository/Successfully add new item with valid inputs/android.widget.Button"), 0): Tapped on element 'Object Repository/Successfully add new item with valid inputs/android.widget.Button'

12-05-2024T15:43:15 - [MESSAGE][WARNING] - Timeout '0' is invalid. Using default page load timeout: '30'

12-05-2024T15:43:16 - [MESSAGE][PASSED] - Tapped on element 'Object Repository/Successfully add new item with valid inputs/android.widget.Button'

12-05-2024T15:43:16 - [TEST_STEP][PASSED] - tap(findTestObject("Object Repository/Successfully add new item with valid inputs/android.widget.EditText - Name"), 0): Tapped on element 'Object Repository/Successfully add new item with valid inputs/android.widget.EditText - Name'

12-05-2024T15:43:16 - [MESSAGE][WARNING] - Timeout '0' is invalid. Using default page load timeout: '30'

12-05-2024T15:43:18 - [MESSAGE][PASSED] - Tapped on element 'Object Repository/Successfully add new item with valid inputs/android.widget.EditText - Name'

12-05-2024T15:43:18 - [TEST_STEP][PASSED] - setText(findTestObject("Object Repository/Successfully add new item with valid inputs/android.widget.EditText - Name"), "Timun", 0): Text 'Timun' has been set to element 'Object Repository/Successfully add new item with valid inputs/android.widget.EditText - Name'

12-05-2024T15:43:18 - [MESSAGE][WARNING] - Timeout '0' is invalid. Using default page load timeout: '30'

12-05-2024T15:43:19 - [MESSAGE][PASSED] - Text 'Timun' has been set to element 'Object Repository/Successfully add new item with valid inputs/android.widget.EditText - Name'

12-05-2024T15:43:19 - [TEST_STEP][PASSED] - tap(findTestObject("Object Repository/Successfully add new item with valid inputs/android.widget.Button (1)"), 0): Tapped on element 'Object Repository/Successfully add new item with valid inputs/android.widget.Button (1)'

12-05-2024T15:43:20 - [MESSAGE][WARNING] - Timeout '0' is invalid. Using default page load timeout: '30'

12-05-2024T15:43:20 - [MESSAGE][PASSED] - Tapped on element 'Object Repository/Successfully add new item with valid inputs/android.widget.Button (1)'

12-05-2024T15:43:20 - [TEST_STEP][PASSED] - tap(findTestObject("Object Repository/Successfully add new item with valid inputs/android.view.View (1)"), 0): Tapped on element 'Object Repository/Successfully add new item with valid inputs/android.view.View (1)'

12-05-2024T15:43:20 - [MESSAGE][WARNING] - Timeout '0' is invalid. Using default page load timeout: '30'

12-05-2024T15:43:22 - [MESSAGE][PASSED] - Tapped on element 'Object Repository/Successfully add new item with valid inputs/android.view.View (1)'

12-05-2024T15:43:22 - [TEST_STEP][PASSED] - tap(findTestObject("Object Repository/Successfully add new item with valid inputs/android.widget.EditText - 1, Quantity"), 0): Tapped on element 'Object Repository/Successfully add new item with valid inputs/android.widget.EditText - 1, Quantity'

12-05-2024T15:43:22 - [MESSAGE][WARNING] - Timeout '0' is invalid. Using default page load timeout: '30'

12-05-2024T15:43:23 - [MESSAGE][PASSED] - Tapped on element 'Object Repository/Successfully add new item with valid inputs/android.widget.EditText - 1, Quantity'

12-05-2024T15:43:23 - [TEST_STEP][PASSED] - setText(findTestObject("Object Repository/Successfully add new item with valid inputs/android.widget.EditText - 1, Quantity"), "3", 0): Text '3' has been set to element 'Object Repository/Successfully add new item with valid inputs/android.widget.EditText - 1, Quantity'

12-05-2024T15:43:23 - [MESSAGE][WARNING] - Timeout '0' is invalid. Using default page load timeout: '30'

12-05-2024T15:43:24 - [MESSAGE][PASSED] - Text '3' has been set to element 'Object Repository/Successfully add new item with valid inputs/android.widget.EditText - 1, Quantity'

12-05-2024T15:43:24 - [TEST_STEP][PASSED] - tap(findTestObject("Object Repository/Successfully add new item with valid inputs/android.widget.Button (2)"), 0): Tapped on element 'Object Repository/Successfully add new item with valid inputs/android.widget.Button (2)'

12-05-2024T15:43:24 - [MESSAGE][WARNING] - Timeout '0' is invalid. Using default page load timeout: '30'

12-05-2024T15:43:25 - [MESSAGE][PASSED] - Tapped on element 'Object Repository/Successfully add new item with valid inputs/android.widget.Button (2)'

12-05-2024T15:43:25 - [TEST_STEP][PASSED] - closeApplication(): Close app successfully

12-05-2024T15:43:28 - [MESSAGE][PASSED] - Close app successfully]]></system-out>
         <system-err><![CDATA[]]></system-err>
      </testcase>
      <testcase name="Test Cases/Add new item with empty input" time="40.178" classname="Test Cases/Add new item with empty input" status="PASSED">
         <system-out><![CDATA[12-05-2024T15:44:40 - [TEST_CASE][PASSED] - Test Cases/Add new item with empty input: Test Cases/Add new item with empty input

12-05-2024T15:44:40 - [TEST_STEP][PASSED] - startApplication("C:\Users\AC_001 LENOVO.iD\Documents\test\mobile-app\app.apk", true): Started app at: 'C:\Users\AC_001 LENOVO.iD\Documents\test\mobile-app\app.apk'

12-05-2024T15:45:10 - [MESSAGE][PASSED] - Started app at: 'C:\Users\AC_001 LENOVO.iD\Documents\test\mobile-app\app.apk'

12-05-2024T15:45:10 - [TEST_STEP][PASSED] - tap(findTestObject("Object Repository/Add new item with empty input/android.view.View"), 0): Tapped on element 'Object Repository/Add new item with empty input/android.view.View'

12-05-2024T15:45:10 - [MESSAGE][WARNING] - Timeout '0' is invalid. Using default page load timeout: '30'

12-05-2024T15:45:10 - [MESSAGE][PASSED] - Tapped on element 'Object Repository/Add new item with empty input/android.view.View'

12-05-2024T15:45:10 - [TEST_STEP][PASSED] - tap(findTestObject("Object Repository/Add new item with empty input/android.widget.Button"), 0): Tapped on element 'Object Repository/Add new item with empty input/android.widget.Button'

12-05-2024T15:45:10 - [MESSAGE][WARNING] - Timeout '0' is invalid. Using default page load timeout: '30'

12-05-2024T15:45:11 - [MESSAGE][PASSED] - Tapped on element 'Object Repository/Add new item with empty input/android.widget.Button'

12-05-2024T15:45:11 - [TEST_STEP][PASSED] - tap(findTestObject("Object Repository/Add new item with empty input/android.widget.EditText - Name"), 0): Tapped on element 'Object Repository/Add new item with empty input/android.widget.EditText - Name'

12-05-2024T15:45:11 - [MESSAGE][WARNING] - Timeout '0' is invalid. Using default page load timeout: '30'

12-05-2024T15:45:13 - [MESSAGE][PASSED] - Tapped on element 'Object Repository/Add new item with empty input/android.widget.EditText - Name'

12-05-2024T15:45:13 - [TEST_STEP][PASSED] - tap(findTestObject("Object Repository/Add new item with empty input/android.widget.EditText - 1, Quantity"), 0): Tapped on element 'Object Repository/Add new item with empty input/android.widget.EditText - 1, Quantity'

12-05-2024T15:45:13 - [MESSAGE][WARNING] - Timeout '0' is invalid. Using default page load timeout: '30'

12-05-2024T15:45:15 - [MESSAGE][PASSED] - Tapped on element 'Object Repository/Add new item with empty input/android.widget.EditText - 1, Quantity'

12-05-2024T15:45:15 - [TEST_STEP][PASSED] - tap(findTestObject("Object Repository/Add new item with empty input/android.widget.Button (1)"), 0): Tapped on element 'Object Repository/Add new item with empty input/android.widget.Button (1)'

12-05-2024T15:45:15 - [MESSAGE][WARNING] - Timeout '0' is invalid. Using default page load timeout: '30'

12-05-2024T15:45:16 - [MESSAGE][PASSED] - Tapped on element 'Object Repository/Add new item with empty input/android.widget.Button (1)'

12-05-2024T15:45:16 - [TEST_STEP][PASSED] - closeApplication(): Close app successfully

12-05-2024T15:45:20 - [MESSAGE][PASSED] - Close app successfully]]></system-out>
         <system-err><![CDATA[]]></system-err>
      </testcase>
      <testcase name="Test Cases/Add new item with invalid item input" time="47.162" classname="Test Cases/Add new item with invalid item input" status="PASSED">
         <system-out><![CDATA[12-05-2024T15:45:20 - [TEST_CASE][PASSED] - Test Cases/Add new item with invalid item input: Test Cases/Add new item with invalid item input

12-05-2024T15:45:20 - [TEST_STEP][PASSED] - startApplication("C:\Users\AC_001 LENOVO.iD\Documents\test\mobile-app\app.apk", true): Started app at: 'C:\Users\AC_001 LENOVO.iD\Documents\test\mobile-app\app.apk'

12-05-2024T15:45:20 - [MESSAGE][INFO] - Detected NodeJS location: "C:\Program Files\nodejs\node.exe"

12-05-2024T15:45:25 - [MESSAGE][INFO] - PATH: C:\Program Files\nodejs;

12-05-2024T15:45:25 - [MESSAGE][INFO] - APPIUM_HOME: C:\Users\AC_001 LENOVO.iD\.appium

12-05-2024T15:45:25 - [MESSAGE][INFO] - appium outlog: C:\Users\AC_001 LENOVO.iD\Katalon Studio\mini-project-mobile-testing\Reports\20240512_153950\Add New Item Grocery\20240512_153950\appium.log

12-05-2024T15:45:25 - [MESSAGE][INFO] - appium errlog: C:\Users\AC_001 LENOVO.iD\Katalon Studio\mini-project-mobile-testing\Reports\20240512_153950\Add New Item Grocery\20240512_153950\appium_error.log

12-05-2024T15:45:29 - [MESSAGE][INFO] - Appium server started on port 51,020

12-05-2024T15:45:53 - [MESSAGE][PASSED] - Started app at: 'C:\Users\AC_001 LENOVO.iD\Documents\test\mobile-app\app.apk'

12-05-2024T15:45:53 - [TEST_STEP][PASSED] - tap(findTestObject("Object Repository/Add new item with invalid item input/android.view.View"), 0): Tapped on element 'Object Repository/Add new item with invalid item input/android.view.View'

12-05-2024T15:45:53 - [MESSAGE][WARNING] - Timeout '0' is invalid. Using default page load timeout: '30'

12-05-2024T15:45:53 - [MESSAGE][PASSED] - Tapped on element 'Object Repository/Add new item with invalid item input/android.view.View'

12-05-2024T15:45:53 - [TEST_STEP][PASSED] - tap(findTestObject("Object Repository/Add new item with invalid item input/android.widget.Button"), 0): Tapped on element 'Object Repository/Add new item with invalid item input/android.widget.Button'

12-05-2024T15:45:53 - [MESSAGE][WARNING] - Timeout '0' is invalid. Using default page load timeout: '30'

12-05-2024T15:45:54 - [MESSAGE][PASSED] - Tapped on element 'Object Repository/Add new item with invalid item input/android.widget.Button'

12-05-2024T15:45:54 - [TEST_STEP][PASSED] - tap(findTestObject("Object Repository/Add new item with invalid item input/android.widget.EditText - Name"), 0): Tapped on element 'Object Repository/Add new item with invalid item input/android.widget.EditText - Name'

12-05-2024T15:45:54 - [MESSAGE][WARNING] - Timeout '0' is invalid. Using default page load timeout: '30'

12-05-2024T15:45:56 - [MESSAGE][PASSED] - Tapped on element 'Object Repository/Add new item with invalid item input/android.widget.EditText - Name'

12-05-2024T15:45:56 - [TEST_STEP][PASSED] - setText(findTestObject("Object Repository/Add new item with invalid item input/android.widget.EditText - Name"), "!)(&#^*~^)#!!*)#!(", 0): Text '!)(&#^*~^)#!!*)#!(' has been set to element 'Object Repository/Add new item with invalid item input/android.widget.EditText - Name'

12-05-2024T15:45:56 - [MESSAGE][WARNING] - Timeout '0' is invalid. Using default page load timeout: '30'

12-05-2024T15:45:57 - [MESSAGE][PASSED] - Text '!)(&#^*~^)#!!*)#!(' has been set to element 'Object Repository/Add new item with invalid item input/android.widget.EditText - Name'

12-05-2024T15:45:57 - [TEST_STEP][PASSED] - tap(findTestObject("Object Repository/Add new item with invalid item input/android.widget.EditText - 1, Quantity"), 0): Tapped on element 'Object Repository/Add new item with invalid item input/android.widget.EditText - 1, Quantity'

12-05-2024T15:45:57 - [MESSAGE][WARNING] - Timeout '0' is invalid. Using default page load timeout: '30'

12-05-2024T15:45:58 - [MESSAGE][PASSED] - Tapped on element 'Object Repository/Add new item with invalid item input/android.widget.EditText - 1, Quantity'

12-05-2024T15:45:58 - [TEST_STEP][PASSED] - setText(findTestObject("Object Repository/Add new item with invalid item input/android.widget.EditText - 1, Quantity"), "1", 0): Text '1' has been set to element 'Object Repository/Add new item with invalid item input/android.widget.EditText - 1, Quantity'

12-05-2024T15:45:58 - [MESSAGE][WARNING] - Timeout '0' is invalid. Using default page load timeout: '30'

12-05-2024T15:46:00 - [MESSAGE][PASSED] - Text '1' has been set to element 'Object Repository/Add new item with invalid item input/android.widget.EditText - 1, Quantity'

12-05-2024T15:46:00 - [TEST_STEP][PASSED] - tap(findTestObject("Object Repository/Add new item with invalid item input/android.widget.Button (1)"), 0): Tapped on element 'Object Repository/Add new item with invalid item input/android.widget.Button (1)'

12-05-2024T15:46:00 - [MESSAGE][WARNING] - Timeout '0' is invalid. Using default page load timeout: '30'

12-05-2024T15:46:00 - [MESSAGE][PASSED] - Tapped on element 'Object Repository/Add new item with invalid item input/android.widget.Button (1)'

12-05-2024T15:46:00 - [TEST_STEP][PASSED] - tap(findTestObject("Object Repository/Add new item with invalid item input/android.view.View (1)"), 0): Tapped on element 'Object Repository/Add new item with invalid item input/android.view.View (1)'

12-05-2024T15:46:00 - [MESSAGE][WARNING] - Timeout '0' is invalid. Using default page load timeout: '30'

12-05-2024T15:46:02 - [MESSAGE][PASSED] - Tapped on element 'Object Repository/Add new item with invalid item input/android.view.View (1)'

12-05-2024T15:46:02 - [TEST_STEP][PASSED] - tap(findTestObject("Object Repository/Add new item with invalid item input/android.widget.Button (2)"), 0): Tapped on element 'Object Repository/Add new item with invalid item input/android.widget.Button (2)'

12-05-2024T15:46:02 - [MESSAGE][WARNING] - Timeout '0' is invalid. Using default page load timeout: '30'

12-05-2024T15:46:03 - [MESSAGE][PASSED] - Tapped on element 'Object Repository/Add new item with invalid item input/android.widget.Button (2)'

12-05-2024T15:46:03 - [TEST_STEP][PASSED] - closeApplication(): Close app successfully

12-05-2024T15:46:07 - [MESSAGE][PASSED] - Close app successfully]]></system-out>
         <system-err><![CDATA[]]></system-err>
      </testcase>
      <testcase name="Test Cases/Add new item with invalid item quantity input" time="46.019" classname="Test Cases/Add new item with invalid item quantity input" status="PASSED">
         <system-out><![CDATA[12-05-2024T15:46:07 - [TEST_CASE][PASSED] - Test Cases/Add new item with invalid item quantity input: Test Cases/Add new item with invalid item quantity input

12-05-2024T15:46:07 - [TEST_STEP][PASSED] - startApplication("C:\Users\AC_001 LENOVO.iD\Documents\test\mobile-app\app.apk", true): Started app at: 'C:\Users\AC_001 LENOVO.iD\Documents\test\mobile-app\app.apk'

12-05-2024T15:46:07 - [MESSAGE][INFO] - Detected NodeJS location: "C:\Program Files\nodejs\node.exe"

12-05-2024T15:46:12 - [MESSAGE][INFO] - PATH: C:\Program Files\nodejs;

12-05-2024T15:46:12 - [MESSAGE][INFO] - APPIUM_HOME: C:\Users\AC_001 LENOVO.iD\.appium

12-05-2024T15:46:12 - [MESSAGE][INFO] - appium outlog: C:\Users\AC_001 LENOVO.iD\Katalon Studio\mini-project-mobile-testing\Reports\20240512_153950\Add New Item Grocery\20240512_153950\appium.log

12-05-2024T15:46:12 - [MESSAGE][INFO] - appium errlog: C:\Users\AC_001 LENOVO.iD\Katalon Studio\mini-project-mobile-testing\Reports\20240512_153950\Add New Item Grocery\20240512_153950\appium_error.log

12-05-2024T15:46:16 - [MESSAGE][INFO] - Appium server started on port 51,178

12-05-2024T15:46:39 - [MESSAGE][PASSED] - Started app at: 'C:\Users\AC_001 LENOVO.iD\Documents\test\mobile-app\app.apk'

12-05-2024T15:46:39 - [TEST_STEP][PASSED] - tap(findTestObject("Object Repository/Add new item with invalid item quantity input/android.view.View"), 0): Tapped on element 'Object Repository/Add new item with invalid item quantity input/android.view.View'

12-05-2024T15:46:40 - [MESSAGE][WARNING] - Timeout '0' is invalid. Using default page load timeout: '30'

12-05-2024T15:46:40 - [MESSAGE][PASSED] - Tapped on element 'Object Repository/Add new item with invalid item quantity input/android.view.View'

12-05-2024T15:46:40 - [TEST_STEP][PASSED] - tap(findTestObject("Object Repository/Add new item with invalid item quantity input/android.widget.Button"), 0): Tapped on element 'Object Repository/Add new item with invalid item quantity input/android.widget.Button'

12-05-2024T15:46:40 - [MESSAGE][WARNING] - Timeout '0' is invalid. Using default page load timeout: '30'

12-05-2024T15:46:41 - [MESSAGE][PASSED] - Tapped on element 'Object Repository/Add new item with invalid item quantity input/android.widget.Button'

12-05-2024T15:46:41 - [TEST_STEP][PASSED] - tap(findTestObject("Object Repository/Add new item with invalid item quantity input/android.widget.EditText - Name"), 0): Tapped on element 'Object Repository/Add new item with invalid item quantity input/android.widget.EditText - Name'

12-05-2024T15:46:41 - [MESSAGE][WARNING] - Timeout '0' is invalid. Using default page load timeout: '30'

12-05-2024T15:46:43 - [MESSAGE][PASSED] - Tapped on element 'Object Repository/Add new item with invalid item quantity input/android.widget.EditText - Name'

12-05-2024T15:46:43 - [TEST_STEP][PASSED] - setText(findTestObject("Object Repository/Add new item with invalid item quantity input/android.widget.EditText - Name"), "Apel", 0): Text 'Apel' has been set to element 'Object Repository/Add new item with invalid item quantity input/android.widget.EditText - Name'

12-05-2024T15:46:43 - [MESSAGE][WARNING] - Timeout '0' is invalid. Using default page load timeout: '30'

12-05-2024T15:46:44 - [MESSAGE][PASSED] - Text 'Apel' has been set to element 'Object Repository/Add new item with invalid item quantity input/android.widget.EditText - Name'

12-05-2024T15:46:44 - [TEST_STEP][PASSED] - tap(findTestObject("Object Repository/Add new item with invalid item quantity input/android.widget.EditText - 1, Quantity"), 0): Tapped on element 'Object Repository/Add new item with invalid item quantity input/android.widget.EditText - 1, Quantity'

12-05-2024T15:46:44 - [MESSAGE][WARNING] - Timeout '0' is invalid. Using default page load timeout: '30'

12-05-2024T15:46:45 - [MESSAGE][PASSED] - Tapped on element 'Object Repository/Add new item with invalid item quantity input/android.widget.EditText - 1, Quantity'

12-05-2024T15:46:45 - [TEST_STEP][PASSED] - setText(findTestObject("Object Repository/Add new item with invalid item quantity input/android.widget.EditText - 1, Quantity"), "-1", 0): Text '-1' has been set to element 'Object Repository/Add new item with invalid item quantity input/android.widget.EditText - 1, Quantity'

12-05-2024T15:46:45 - [MESSAGE][WARNING] - Timeout '0' is invalid. Using default page load timeout: '30'

12-05-2024T15:46:47 - [MESSAGE][PASSED] - Text '-1' has been set to element 'Object Repository/Add new item with invalid item quantity input/android.widget.EditText - 1, Quantity'

12-05-2024T15:46:47 - [TEST_STEP][PASSED] - tap(findTestObject("Object Repository/Add new item with invalid item quantity input/android.widget.Button (1)"), 0): Tapped on element 'Object Repository/Add new item with invalid item quantity input/android.widget.Button (1)'

12-05-2024T15:46:47 - [MESSAGE][WARNING] - Timeout '0' is invalid. Using default page load timeout: '30'

12-05-2024T15:46:47 - [MESSAGE][PASSED] - Tapped on element 'Object Repository/Add new item with invalid item quantity input/android.widget.Button (1)'

12-05-2024T15:46:47 - [TEST_STEP][PASSED] - tap(findTestObject("Object Repository/Add new item with invalid item quantity input/android.view.View (1)"), 0): Tapped on element 'Object Repository/Add new item with invalid item quantity input/android.view.View (1)'

12-05-2024T15:46:48 - [MESSAGE][WARNING] - Timeout '0' is invalid. Using default page load timeout: '30'

12-05-2024T15:46:49 - [MESSAGE][PASSED] - Tapped on element 'Object Repository/Add new item with invalid item quantity input/android.view.View (1)'

12-05-2024T15:46:49 - [TEST_STEP][PASSED] - tap(findTestObject("Object Repository/Add new item with invalid item quantity input/android.widget.Button (2)"), 0): Tapped on element 'Object Repository/Add new item with invalid item quantity input/android.widget.Button (2)'

12-05-2024T15:46:49 - [MESSAGE][WARNING] - Timeout '0' is invalid. Using default page load timeout: '30'

12-05-2024T15:46:50 - [MESSAGE][PASSED] - Tapped on element 'Object Repository/Add new item with invalid item quantity input/android.widget.Button (2)'

12-05-2024T15:46:50 - [TEST_STEP][PASSED] - closeApplication(): Close app successfully

12-05-2024T15:46:53 - [MESSAGE][PASSED] - Close app successfully]]></system-out>
         <system-err><![CDATA[]]></system-err>
      </testcase>
      <system-out><![CDATA[12-05-2024T15:40:18 - [TEST_SUITE][FAILED] - Add New Item Grocery: Test Cases/Successfully add new item with valid inputs FAILED.
Reason:
com.kms.katalon.core.exception.StepFailedException: Unable to start app at: 'C:\Users\AC_001 LENOVO.iD\Documents\test\mobile-app\app.apk'
	at com.kms.katalon.core.mobile.keyword.internal.MobileKeywordMain.stepFailed(MobileKeywordMain.groovy:38)
	at com.kms.katalon.core.mobile.keyword.internal.MobileKeywordMain.runKeyword(MobileKeywordMain.groovy:21)
	at com.kms.katalon.core.mobile.keyword.builtin.StartApplicationKeyword.startApplication(StartApplicationKeyword.groovy:63)
	at com.kms.katalon.core.mobile.keyword.builtin.StartApplicationKeyword.execute(StartApplicationKeyword.groovy:42)
	at com.kms.katalon.core.keyword.internal.KeywordExecutor.executeKeywordForPlatform(KeywordExecutor.groovy:74)
	at com.kms.katalon.core.mobile.keyword.MobileBuiltInKeywords.startApplication(MobileBuiltInKeywords.groovy:78)
	at Successfully add new item with valid inputs.run(Successfully add new item with valid inputs:20)
	at com.kms.katalon.core.main.ScriptEngine.run(ScriptEngine.java:194)
	at com.kms.katalon.core.main.ScriptEngine.runScriptAsRawText(ScriptEngine.java:119)
	at com.kms.katalon.core.main.TestCaseExecutor.runScript(TestCaseExecutor.java:448)
	at com.kms.katalon.core.main.TestCaseExecutor.doExecute(TestCaseExecutor.java:439)
	at com.kms.katalon.core.main.TestCaseExecutor.processExecutionPhase(TestCaseExecutor.java:418)
	at com.kms.katalon.core.main.TestCaseExecutor.accessMainPhase(TestCaseExecutor.java:410)
	at com.kms.katalon.core.main.TestCaseExecutor.execute(TestCaseExecutor.java:285)
	at com.kms.katalon.core.common.CommonExecutor.accessTestCaseMainPhase(CommonExecutor.java:65)
	at com.kms.katalon.core.main.TestSuiteExecutor.accessTestSuiteMainPhase(TestSuiteExecutor.java:150)
	at com.kms.katalon.core.main.TestSuiteExecutor.execute(TestSuiteExecutor.java:106)
	at com.kms.katalon.core.main.TestCaseMain.startTestSuite(TestCaseMain.java:180)
	at TempTestSuite1715503190853.run(TempTestSuite1715503190853.groovy:35)
	at java.base/jdk.internal.reflect.NativeMethodAccessorImpl.invoke0(Native Method)
	at java.base/jdk.internal.reflect.NativeMethodAccessorImpl.invoke(NativeMethodAccessorImpl.java:77)
	at java.base/jdk.internal.reflect.DelegatingMethodAccessorImpl.invoke(DelegatingMethodAccessorImpl.java:43)
Caused by: com.kms.katalon.core.appium.exception.AppiumStartException: Fail to start Appium server in 30 seconds
	at com.kms.katalon.core.appium.driver.AppiumDriverManager.startAppiumServerJS(AppiumDriverManager.java:279)
	at com.kms.katalon.core.appium.driver.AppiumDriverManager.startAppiumServerJS(AppiumDriverManager.java:469)
	at com.kms.katalon.core.appium.driver.AppiumDriverManager.ensureServicesStarted(AppiumDriverManager.java:255)
	at com.kms.katalon.core.appium.driver.AppiumDriverManager.createMobileDriver(AppiumDriverManager.java:535)
	at com.kms.katalon.core.mobile.keyword.internal.MobileDriverFactory.startLocalMobileDriver(MobileDriverFactory.java:589)
	at com.kms.katalon.core.mobile.keyword.internal.MobileDriverFactory.startMobileDriver(MobileDriverFactory.java:502)
	at com.kms.katalon.core.mobile.keyword.builtin.StartApplicationKeyword$_startApplication_closure1.doCall(StartApplicationKeyword.groovy:61)
	at com.kms.katalon.core.mobile.keyword.builtin.StartApplicationKeyword$_startApplication_closure1.call(StartApplicationKeyword.groovy)
	at com.kms.katalon.core.mobile.keyword.internal.MobileKeywordMain.runKeyword(MobileKeywordMain.groovy:19)
	... 20 more]]></system-out>
      <system-err><![CDATA[12-05-2024T15:40:18 - [TEST_SUITE][FAILED] - Add New Item Grocery: Test Cases/Successfully add new item with valid inputs FAILED.
Reason:
com.kms.katalon.core.exception.StepFailedException: Unable to start app at: 'C:\Users\AC_001 LENOVO.iD\Documents\test\mobile-app\app.apk'
	at com.kms.katalon.core.mobile.keyword.internal.MobileKeywordMain.stepFailed(MobileKeywordMain.groovy:38)
	at com.kms.katalon.core.mobile.keyword.internal.MobileKeywordMain.runKeyword(MobileKeywordMain.groovy:21)
	at com.kms.katalon.core.mobile.keyword.builtin.StartApplicationKeyword.startApplication(StartApplicationKeyword.groovy:63)
	at com.kms.katalon.core.mobile.keyword.builtin.StartApplicationKeyword.execute(StartApplicationKeyword.groovy:42)
	at com.kms.katalon.core.keyword.internal.KeywordExecutor.executeKeywordForPlatform(KeywordExecutor.groovy:74)
	at com.kms.katalon.core.mobile.keyword.MobileBuiltInKeywords.startApplication(MobileBuiltInKeywords.groovy:78)
	at Successfully add new item with valid inputs.run(Successfully add new item with valid inputs:20)
	at com.kms.katalon.core.main.ScriptEngine.run(ScriptEngine.java:194)
	at com.kms.katalon.core.main.ScriptEngine.runScriptAsRawText(ScriptEngine.java:119)
	at com.kms.katalon.core.main.TestCaseExecutor.runScript(TestCaseExecutor.java:448)
	at com.kms.katalon.core.main.TestCaseExecutor.doExecute(TestCaseExecutor.java:439)
	at com.kms.katalon.core.main.TestCaseExecutor.processExecutionPhase(TestCaseExecutor.java:418)
	at com.kms.katalon.core.main.TestCaseExecutor.accessMainPhase(TestCaseExecutor.java:410)
	at com.kms.katalon.core.main.TestCaseExecutor.execute(TestCaseExecutor.java:285)
	at com.kms.katalon.core.common.CommonExecutor.accessTestCaseMainPhase(CommonExecutor.java:65)
	at com.kms.katalon.core.main.TestSuiteExecutor.accessTestSuiteMainPhase(TestSuiteExecutor.java:150)
	at com.kms.katalon.core.main.TestSuiteExecutor.execute(TestSuiteExecutor.java:106)
	at com.kms.katalon.core.main.TestCaseMain.startTestSuite(TestCaseMain.java:180)
	at TempTestSuite1715503190853.run(TempTestSuite1715503190853.groovy:35)
	at java.base/jdk.internal.reflect.NativeMethodAccessorImpl.invoke0(Native Method)
	at java.base/jdk.internal.reflect.NativeMethodAccessorImpl.invoke(NativeMethodAccessorImpl.java:77)
	at java.base/jdk.internal.reflect.DelegatingMethodAccessorImpl.invoke(DelegatingMethodAccessorImpl.java:43)
Caused by: com.kms.katalon.core.appium.exception.AppiumStartException: Fail to start Appium server in 30 seconds
	at com.kms.katalon.core.appium.driver.AppiumDriverManager.startAppiumServerJS(AppiumDriverManager.java:279)
	at com.kms.katalon.core.appium.driver.AppiumDriverManager.startAppiumServerJS(AppiumDriverManager.java:469)
	at com.kms.katalon.core.appium.driver.AppiumDriverManager.ensureServicesStarted(AppiumDriverManager.java:255)
	at com.kms.katalon.core.appium.driver.AppiumDriverManager.createMobileDriver(AppiumDriverManager.java:535)
	at com.kms.katalon.core.mobile.keyword.internal.MobileDriverFactory.startLocalMobileDriver(MobileDriverFactory.java:589)
	at com.kms.katalon.core.mobile.keyword.internal.MobileDriverFactory.startMobileDriver(MobileDriverFactory.java:502)
	at com.kms.katalon.core.mobile.keyword.builtin.StartApplicationKeyword$_startApplication_closure1.doCall(StartApplicationKeyword.groovy:61)
	at com.kms.katalon.core.mobile.keyword.builtin.StartApplicationKeyword$_startApplication_closure1.call(StartApplicationKeyword.groovy)
	at com.kms.katalon.core.mobile.keyword.internal.MobileKeywordMain.runKeyword(MobileKeywordMain.groovy:19)
	... 20 more]]></system-err>
   </testsuite>
</testsuites>
